D:\git_projects\directx\directx\Debug\directx.pdb
D:\git_projects\directx\directx\directx\Debug\cl.command.1.tlog
D:\git_projects\directx\directx\directx\Debug\CL.read.1.tlog
D:\git_projects\directx\directx\directx\Debug\CL.write.1.tlog
D:\GIT_PROJECTS\DIRECTX\DIRECTX\DIRECTX\DEBUG\DIRECTX.EXE.EMBED.MANIFEST
D:\GIT_PROJECTS\DIRECTX\DIRECTX\DIRECTX\DEBUG\DIRECTX.EXE.EMBED.MANIFEST.RES
D:\git_projects\directx\directx\directx\Debug\directx.exe.intermediate.manifest
D:\git_projects\directx\directx\directx\Debug\directx_manifest.rc
D:\git_projects\directx\directx\directx\Debug\link.1428.read.1.tlog
D:\git_projects\directx\directx\directx\Debug\link.1428.write.1.tlog
D:\git_projects\directx\directx\directx\Debug\link.1428-cvtres.read.1.tlog
D:\git_projects\directx\directx\directx\Debug\link.1428-cvtres.write.1.tlog
D:\git_projects\directx\directx\directx\Debug\link.4236.read.1.tlog
D:\git_projects\directx\directx\directx\Debug\link.4236.write.1.tlog
D:\git_projects\directx\directx\directx\Debug\link.4236-cvtres.read.1.tlog
D:\git_projects\directx\directx\directx\Debug\link.4236-cvtres.write.1.tlog
D:\git_projects\directx\directx\directx\Debug\link.command.1.tlog
D:\git_projects\directx\directx\directx\Debug\link.read.1.tlog
D:\git_projects\directx\directx\directx\Debug\link.write.1.tlog
D:\git_projects\directx\directx\directx\Debug\link-cvtres.read.1.tlog
D:\git_projects\directx\directx\directx\Debug\link-cvtres.write.1.tlog
D:\GIT_PROJECTS\DIRECTX\DIRECTX\DIRECTX\DEBUG\MAIN.OBJ
D:\git_projects\directx\directx\directx\Debug\mt.command.1.tlog
D:\git_projects\directx\directx\directx\Debug\mt.read.1.tlog
D:\git_projects\directx\directx\directx\Debug\mt.write.1.tlog
D:\git_projects\directx\directx\directx\Debug\rc.command.1.tlog
D:\git_projects\directx\directx\directx\Debug\rc.read.1.tlog
D:\git_projects\directx\directx\directx\Debug\rc.write.1.tlog
D:\git_projects\directx\directx\directx\Debug\vc100.idb
D:\GIT_PROJECTS\DIRECTX\DIRECTX\DIRECTX\DEBUG\VC100.PDB
